#
# There is insufficient memory for the Java Runtime Environment to continue.
# Native memory allocation (malloc) failed to allocate 262160 bytes for Chunk::new
# Possible reasons:
#   The system is out of physical RAM or swap space
#   The process is running with CompressedOops enabled, and the Java Heap may be blocking the growth of the native heap
# Possible solutions:
#   Reduce memory load on the system
#   Increase physical memory or swap space
#   Check if swap backing store is full
#   Decrease Java heap size (-Xmx/-Xms)
#   Decrease number of Java threads
#   Decrease Java thread stack sizes (-Xss)
#   Set larger code cache with -XX:ReservedCodeCacheSize=
#   JVM is running with Unscaled Compressed Oops mode in which the Java heap is
#     placed in the first 4GB address space. The Java Heap base address is the
#     maximum limit for the native heap growth. Please use -XX:HeapBaseMinAddress
#     to set the Java Heap base and to place the Java Heap above 4GB virtual address.
# This output file may be truncated or incomplete.
#
#  Out of Memory Error (allocation.cpp:389), pid=18756, tid=0x0000000000003014
#
# JRE version: Java(TM) SE Runtime Environment (8.0_231-b11) (build 1.8.0_231-b11)
# Java VM: Java HotSpot(TM) 64-Bit Server VM (25.231-b11 mixed mode windows-amd64 compressed oops)
# Failed to write core dump. Minidumps are not enabled by default on client versions of Windows
#

---------------  T H R E A D  ---------------

Current thread (0x0000000018189800):  JavaThread "C2 CompilerThread0" daemon [_thread_in_native, id=12308, stack(0x0000000019ab0000,0x0000000019bb0000)]

Stack: [0x0000000019ab0000,0x0000000019bb0000]
[error occurred during error reporting (printing stack bounds), id 0xc0000005]

Native frames: (J=compiled Java code, j=interpreted, Vv=VM code, C=native code)


Current CompileTask:
C2:   5691 3597   !   4       java.net.URLClassLoader$1::run (63 bytes)


---------------  P R O C E S S  ---------------

Java Threads: ( => current thread )
  0x000000001c59a800 JavaThread "pool-1-thread-1" [_thread_blocked, id=4848, stack(0x000000001d450000,0x000000001d550000)]
  0x000000001b1e6000 JavaThread "mysql-cj-abandoned-connection-cleanup" daemon [_thread_blocked, id=7180, stack(0x000000001cf50000,0x000000001d050000)]
  0x00000000181bc000 JavaThread "Service Thread" daemon [_thread_blocked, id=8104, stack(0x0000000019db0000,0x0000000019eb0000)]
  0x0000000018194800 JavaThread "C1 CompilerThread2" daemon [_thread_in_native, id=21792, stack(0x0000000019cb0000,0x0000000019db0000)]
  0x000000001818f000 JavaThread "C2 CompilerThread1" daemon [_thread_in_native, id=8960, stack(0x0000000019bb0000,0x0000000019cb0000)]
=>0x0000000018189800 JavaThread "C2 CompilerThread0" daemon [_thread_in_native, id=12308, stack(0x0000000019ab0000,0x0000000019bb0000)]
  0x0000000018188000 JavaThread "Attach Listener" daemon [_thread_blocked, id=12772, stack(0x00000000199b0000,0x0000000019ab0000)]
  0x00000000194f3800 JavaThread "Signal Dispatcher" daemon [_thread_blocked, id=18384, stack(0x00000000198b0000,0x00000000199b0000)]
  0x000000000362b000 JavaThread "Finalizer" daemon [_thread_blocked, id=20668, stack(0x00000000193b0000,0x00000000194b0000)]
  0x0000000003628000 JavaThread "Reference Handler" daemon [_thread_blocked, id=1720, stack(0x00000000192b0000,0x00000000193b0000)]
  0x0000000003536000 JavaThread "main" [_thread_in_Java, id=9744, stack(0x0000000003430000,0x0000000003530000)]

Other Threads:
  0x0000000018127800 VMThread [stack: 0x00000000191b0000,0x00000000192b0000] [id=11568]
  0x0000000019566800 WatcherThread [stack: 0x0000000019eb0000,0x0000000019fb0000] [id=13156]

VM state:not at safepoint (normal execution)

VM Mutex/Monitor currently owned by a thread: None

heap address: 0x0000000081c00000, size: 2020 MB, Compressed Oops mode: 32-bit
Narrow klass base: 0x0000000000000000, Narrow klass shift: 3
Compressed class space size: 1073741824 Address: 0x0000000100000000

Heap:
 PSYoungGen      total 99328K, used 70352K [0x00000000d5f00000, 0x00000000df380000, 0x0000000100000000)
  eden space 91648K, 68% used [0x00000000d5f00000,0x00000000d9c70a90,0x00000000db880000)
  from space 7680K, 96% used [0x00000000dec00000,0x00000000df3438a0,0x00000000df380000)
  to   space 11264K, 0% used [0x00000000ddd80000,0x00000000ddd80000,0x00000000de880000)
 ParOldGen       total 69120K, used 10764K [0x0000000081c00000, 0x0000000085f80000, 0x00000000d5f00000)
  object space 69120K, 15% used [0x0000000081c00000,0x0000000082683240,0x0000000085f80000)
 Metaspace       used 31700K, capacity 32148K, committed 32384K, reserved 1077248K
  class space    used 4232K, capacity 4368K, committed 4480K, reserved 1048576K

Card table byte_map: [0x00000000129f0000,0x0000000012df0000] byte_map_base: 0x00000000125e2000

Marking Bits: (ParMarkBitMap*) 0x0000000076d16d90
 Begin Bits: [0x00000000134a0000, 0x0000000015430000)
 End Bits:   [0x0000000015430000, 0x00000000173c0000)

Polling page: 0x00000000012e0000

CodeCache: size=245760Kb used=11991Kb max_used=11994Kb free=233768Kb
 bounds [0x0000000003630000, 0x00000000041f0000, 0x0000000012630000]
 total_blobs=4098 nmethods=3598 adapters=412
 compilation: enabled

Compilation events (10 events):
Event: 5.567 Thread 0x000000001818f000 nmethod 3594 0x00000000041e8f10 code [0x00000000041e9040, 0x00000000041e90f8]
Event: 5.568 Thread 0x0000000018189800 nmethod 3595 0x00000000041ea450 code [0x00000000041ea5a0, 0x00000000041ea8c8]
Event: 5.569 Thread 0x000000001818f000 3596       4       java.net.URLClassLoader$1::run (5 bytes)
Event: 5.569 Thread 0x0000000018189800 3597   !   4       java.net.URLClassLoader$1::run (63 bytes)
Event: 5.663 Thread 0x0000000018194800 3599       3       java.nio.ByteBuffer::allocate (22 bytes)
Event: 5.664 Thread 0x0000000018194800 nmethod 3599 0x00000000041e95d0 code [0x00000000041e9760, 0x00000000041e9b38]
Event: 5.664 Thread 0x0000000018194800 3600       3       java.nio.HeapByteBuffer::<init> (13 bytes)
Event: 5.664 Thread 0x0000000018194800 nmethod 3600 0x00000000041eba10 code [0x00000000041ebb80, 0x00000000041ebda8]
Event: 5.664 Thread 0x0000000018194800 3601       3       com.mysql.cj.protocol.a.NativePacketPayload::setPosition (6 bytes)
Event: 5.665 Thread 0x0000000018194800 nmethod 3601 0x00000000041e91d0 code [0x00000000041e9320, 0x00000000041e9470]

GC Heap History (10 events):
Event: 1.418 GC heap before
{Heap before GC invocations=3 (full 0):
 PSYoungGen      total 38400K, used 38248K [0x00000000d5f00000, 0x00000000d8980000, 0x0000000100000000)
  eden space 33280K, 100% used [0x00000000d5f00000,0x00000000d7f80000,0x00000000d7f80000)
  from space 5120K, 97% used [0x00000000d8480000,0x00000000d895a130,0x00000000d8980000)
  to   space 5120K, 0% used [0x00000000d7f80000,0x00000000d7f80000,0x00000000d8480000)
 ParOldGen       total 87552K, used 80K [0x0000000081c00000, 0x0000000087180000, 0x00000000d5f00000)
  object space 87552K, 0% used [0x0000000081c00000,0x0000000081c14010,0x0000000087180000)
 Metaspace       used 13474K, capacity 13694K, committed 13824K, reserved 1060864K
  class space    used 1692K, capacity 1743K, committed 1792K, reserved 1048576K
Event: 1.428 GC heap after
Heap after GC invocations=3 (full 0):
 PSYoungGen      total 38400K, used 5117K [0x00000000d5f00000, 0x00000000daa00000, 0x0000000100000000)
  eden space 33280K, 0% used [0x00000000d5f00000,0x00000000d5f00000,0x00000000d7f80000)
  from space 5120K, 99% used [0x00000000d7f80000,0x00000000d847f448,0x00000000d8480000)
  to   space 5120K, 0% used [0x00000000da500000,0x00000000da500000,0x00000000daa00000)
 ParOldGen       total 87552K, used 994K [0x0000000081c00000, 0x0000000087180000, 0x00000000d5f00000)
  object space 87552K, 1% used [0x0000000081c00000,0x0000000081cf88b8,0x0000000087180000)
 Metaspace       used 13474K, capacity 13694K, committed 13824K, reserved 1060864K
  class space    used 1692K, capacity 1743K, committed 1792K, reserved 1048576K
}
Event: 1.726 GC heap before
{Heap before GC invocations=4 (full 0):
 PSYoungGen      total 38400K, used 38397K [0x00000000d5f00000, 0x00000000daa00000, 0x0000000100000000)
  eden space 33280K, 100% used [0x00000000d5f00000,0x00000000d7f80000,0x00000000d7f80000)
  from space 5120K, 99% used [0x00000000d7f80000,0x00000000d847f448,0x00000000d8480000)
  to   space 5120K, 0% used [0x00000000da500000,0x00000000da500000,0x00000000daa00000)
 ParOldGen       total 87552K, used 994K [0x0000000081c00000, 0x0000000087180000, 0x00000000d5f00000)
  object space 87552K, 1% used [0x0000000081c00000,0x0000000081cf88b8,0x0000000087180000)
 Metaspace       used 14370K, capacity 14574K, committed 14848K, reserved 1062912K
  class space    used 1976K, capacity 2033K, committed 2048K, reserved 1048576K
Event: 1.734 GC heap after
Heap after GC invocations=4 (full 0):
 PSYoungGen      total 71680K, used 5090K [0x00000000d5f00000, 0x00000000daa00000, 0x0000000100000000)
  eden space 66560K, 0% used [0x00000000d5f00000,0x00000000d5f00000,0x00000000da000000)
  from space 5120K, 99% used [0x00000000da500000,0x00000000da9f88b0,0x00000000daa00000)
  to   space 5120K, 0% used [0x00000000da000000,0x00000000da000000,0x00000000da500000)
 ParOldGen       total 87552K, used 1922K [0x0000000081c00000, 0x0000000087180000, 0x00000000d5f00000)
  object space 87552K, 2% used [0x0000000081c00000,0x0000000081de08b8,0x0000000087180000)
 Metaspace       used 14370K, capacity 14574K, committed 14848K, reserved 1062912K
  class space    used 1976K, capacity 2033K, committed 2048K, reserved 1048576K
}
Event: 3.070 GC heap before
{Heap before GC invocations=5 (full 0):
 PSYoungGen      total 71680K, used 49378K [0x00000000d5f00000, 0x00000000daa00000, 0x0000000100000000)
  eden space 66560K, 66% used [0x00000000d5f00000,0x00000000d8a400b0,0x00000000da000000)
  from space 5120K, 99% used [0x00000000da500000,0x00000000da9f88b0,0x00000000daa00000)
  to   space 5120K, 0% used [0x00000000da000000,0x00000000da000000,0x00000000da500000)
 ParOldGen       total 87552K, used 1922K [0x0000000081c00000, 0x0000000087180000, 0x00000000d5f00000)
  object space 87552K, 2% used [0x0000000081c00000,0x0000000081de08b8,0x0000000087180000)
 Metaspace       used 20737K, capacity 21092K, committed 21248K, reserved 1067008K
  class space    used 2849K, capacity 2978K, committed 3072K, reserved 1048576K
Event: 3.084 GC heap after
Heap after GC invocations=5 (full 0):
 PSYoungGen      total 71680K, used 5117K [0x00000000d5f00000, 0x00000000df700000, 0x0000000100000000)
  eden space 66560K, 0% used [0x00000000d5f00000,0x00000000d5f00000,0x00000000da000000)
  from space 5120K, 99% used [0x00000000da000000,0x00000000da4ff448,0x00000000da500000)
  to   space 11264K, 0% used [0x00000000dec00000,0x00000000dec00000,0x00000000df700000)
 ParOldGen       total 87552K, used 7540K [0x0000000081c00000, 0x0000000087180000, 0x00000000d5f00000)
  object space 87552K, 8% used [0x0000000081c00000,0x000000008235d0a8,0x0000000087180000)
 Metaspace       used 20737K, capacity 21092K, committed 21248K, reserved 1067008K
  class space    used 2849K, capacity 2978K, committed 3072K, reserved 1048576K
}
Event: 3.084 GC heap before
{Heap before GC invocations=6 (full 1):
 PSYoungGen      total 71680K, used 5117K [0x00000000d5f00000, 0x00000000df700000, 0x0000000100000000)
  eden space 66560K, 0% used [0x00000000d5f00000,0x00000000d5f00000,0x00000000da000000)
  from space 5120K, 99% used [0x00000000da000000,0x00000000da4ff448,0x00000000da500000)
  to   space 11264K, 0% used [0x00000000dec00000,0x00000000dec00000,0x00000000df700000)
 ParOldGen       total 87552K, used 7540K [0x0000000081c00000, 0x0000000087180000, 0x00000000d5f00000)
  object space 87552K, 8% used [0x0000000081c00000,0x000000008235d0a8,0x0000000087180000)
 Metaspace       used 20737K, capacity 21092K, committed 21248K, reserved 1067008K
  class space    used 2849K, capacity 2978K, committed 3072K, reserved 1048576K
Event: 3.143 GC heap after
Heap after GC invocations=6 (full 1):
 PSYoungGen      total 71680K, used 0K [0x00000000d5f00000, 0x00000000df700000, 0x0000000100000000)
  eden space 66560K, 0% used [0x00000000d5f00000,0x00000000d5f00000,0x00000000da000000)
  from space 5120K, 0% used [0x00000000da000000,0x00000000da000000,0x00000000da500000)
  to   space 11264K, 0% used [0x00000000dec00000,0x00000000dec00000,0x00000000df700000)
 ParOldGen       total 69120K, used 10756K [0x0000000081c00000, 0x0000000085f80000, 0x00000000d5f00000)
  object space 69120K, 15% used [0x0000000081c00000,0x0000000082681240,0x0000000085f80000)
 Metaspace       used 20737K, capacity 21092K, committed 21248K, reserved 1067008K
  class space    used 2849K, capacity 2978K, committed 3072K, reserved 1048576K
}
Event: 4.894 GC heap before
{Heap before GC invocations=7 (full 1):
 PSYoungGen      total 71680K, used 66560K [0x00000000d5f00000, 0x00000000df700000, 0x0000000100000000)
  eden space 66560K, 100% used [0x00000000d5f00000,0x00000000da000000,0x00000000da000000)
  from space 5120K, 0% used [0x00000000da000000,0x00000000da000000,0x00000000da500000)
  to   space 11264K, 0% used [0x00000000dec00000,0x00000000dec00000,0x00000000df700000)
 ParOldGen       total 69120K, used 10756K [0x0000000081c00000, 0x0000000085f80000, 0x00000000d5f00000)
  object space 69120K, 15% used [0x0000000081c00000,0x0000000082681240,0x0000000085f80000)
 Metaspace       used 26898K, capacity 27266K, committed 27648K, reserved 1073152K
  class space    used 3671K, capacity 3789K, committed 3840K, reserved 1048576K
Event: 4.903 GC heap after
Heap after GC invocations=7 (full 1):
 PSYoungGen      total 99328K, used 7438K [0x00000000d5f00000, 0x00000000df380000, 0x0000000100000000)
  eden space 91648K, 0% used [0x00000000d5f00000,0x00000000d5f00000,0x00000000db880000)
  from space 7680K, 96% used [0x00000000dec00000,0x00000000df3438a0,0x00000000df380000)
  to   space 11264K, 0% used [0x00000000ddd80000,0x00000000ddd80000,0x00000000de880000)
 ParOldGen       total 69120K, used 10764K [0x0000000081c00000, 0x0000000085f80000, 0x00000000d5f00000)
  object space 69120K, 15% used [0x0000000081c00000,0x0000000082683240,0x0000000085f80000)
 Metaspace       used 26898K, capacity 27266K, committed 27648K, reserved 1073152K
  class space    used 3671K, capacity 3789K, committed 3840K, reserved 1048576K
}

Deoptimization events (10 events):
Event: 4.598 Thread 0x0000000003536000 Uncommon trap: reason=class_check action=maybe_recompile pc=0x0000000003e66774 method=java.util.TreeMap.getEntry(Ljava/lang/Object;)Ljava/util/TreeMap$Entry; @ 26
Event: 4.598 Thread 0x0000000003536000 Uncommon trap: reason=class_check action=maybe_recompile pc=0x0000000003e66774 method=java.util.TreeMap.getEntry(Ljava/lang/Object;)Ljava/util/TreeMap$Entry; @ 26
Event: 4.742 Thread 0x0000000003536000 Uncommon trap: reason=predicate action=maybe_recompile pc=0x000000000403c184 method=java.lang.String.regionMatches(ZILjava/lang/String;II)Z @ 63
Event: 4.765 Thread 0x0000000003536000 Uncommon trap: reason=class_check action=maybe_recompile pc=0x0000000003f3af24 method=java.util.regex.Matcher.search(I)Z @ 86
Event: 5.514 Thread 0x0000000003536000 Uncommon trap: reason=class_check action=maybe_recompile pc=0x0000000003faa1a0 method=java.util.Hashtable.get(Ljava/lang/Object;)Ljava/lang/Object; @ 6
Event: 5.517 Thread 0x0000000003536000 Uncommon trap: reason=class_check action=maybe_recompile pc=0x0000000003faa1a0 method=java.util.Hashtable.get(Ljava/lang/Object;)Ljava/lang/Object; @ 6
Event: 5.517 Thread 0x0000000003536000 Uncommon trap: reason=class_check action=maybe_recompile pc=0x0000000003faa1a0 method=java.util.Hashtable.get(Ljava/lang/Object;)Ljava/lang/Object; @ 6
Event: 5.553 Thread 0x0000000003536000 Uncommon trap: reason=unstable_if action=reinterpret pc=0x00000000041d2500 method=sun.misc.Launcher$AppClassLoader.loadClass(Ljava/lang/String;Z)Ljava/lang/Class; @ 9
Event: 5.562 Thread 0x0000000003536000 Uncommon trap: reason=unstable_if action=reinterpret pc=0x0000000003c6d7f8 method=java.lang.String.indexOf([CII[CIII)I @ 27
Event: 5.562 Thread 0x0000000003536000 Uncommon trap: reason=unstable_if action=reinterpret pc=0x000000000398b69c method=java.lang.String.indexOf([CII[CIII)I @ 27

Classes redefined (0 events):
No events

Internal exceptions (10 events):
Event: 0.751 Thread 0x0000000003536000 Exception <a 'java/lang/ArrayIndexOutOfBoundsException': 78> (0x00000000d72a1128) thrown at [C:\re\workspace\8-2-build-windows-amd64-cygwin\jdk8u231\13620\hotspot\src\share\vm\interpreter\interpreterRuntime.cpp, line 368]
Event: 0.751 Thread 0x0000000003536000 Exception <a 'java/lang/ArrayIndexOutOfBoundsException': 81> (0x00000000d72a22d0) thrown at [C:\re\workspace\8-2-build-windows-amd64-cygwin\jdk8u231\13620\hotspot\src\share\vm\interpreter\interpreterRuntime.cpp, line 368]
Event: 0.751 Thread 0x0000000003536000 Exception <a 'java/lang/ArrayIndexOutOfBoundsException': 38> (0x00000000d73496f8) thrown at [C:\re\workspace\8-2-build-windows-amd64-cygwin\jdk8u231\13620\hotspot\src\share\vm\interpreter\interpreterRuntime.cpp, line 368]
Event: 0.858 Thread 0x0000000003536000 Implicit null exception at 0x0000000003851516 to 0x00000000038518b1
Event: 0.924 Thread 0x0000000003536000 Exception <a 'java/lang/ClassNotFoundException': com/sun/org/glassfish/hk2/osgiresourcelocator/ServiceLoader> (0x00000000d7e14750) thrown at [C:\re\workspace\8-2-build-windows-amd64-cygwin\jdk8u231\13620\hotspot\src\share\vm\classfile\systemDictionary.cpp
Event: 0.934 Thread 0x0000000003536000 Implicit null exception at 0x00000000038385d6 to 0x0000000003838969
Event: 1.125 Thread 0x0000000003536000 Exception <a 'java/lang/ClassNotFoundException': com/sun/org/glassfish/hk2/osgiresourcelocator/ServiceLoader> (0x00000000d69f1340) thrown at [C:\re\workspace\8-2-build-windows-amd64-cygwin\jdk8u231\13620\hotspot\src\share\vm\classfile\systemDictionary.cpp
Event: 2.493 Thread 0x0000000003536000 Exception <a 'java/lang/NoSuchFieldError': method resolution failed> (0x00000000d7dc8198) thrown at [C:\re\workspace\8-2-build-windows-amd64-cygwin\jdk8u231\13620\hotspot\src\share\vm\prims\methodHandles.cpp, line 1167]
Event: 2.495 Thread 0x0000000003536000 Exception <a 'java/lang/NoSuchFieldError': method resolution failed> (0x00000000d7dd5858) thrown at [C:\re\workspace\8-2-build-windows-amd64-cygwin\jdk8u231\13620\hotspot\src\share\vm\prims\methodHandles.cpp, line 1167]
Event: 4.376 Thread 0x0000000003536000 Exception <a 'java/lang/NullPointerException'> (0x00000000d71bc898) thrown at [C:\re\workspace\8-2-build-windows-amd64-cygwin\jdk8u231\13620\hotspot\src\share\vm\runtime\reflection.cpp, line 922]

Events (10 events):
Event: 5.605 loading class org/hibernate/engine/jdbc/spi/JdbcWrapper
Event: 5.605 loading class org/hibernate/engine/jdbc/spi/JdbcWrapper done
Event: 5.605 loading class org/hibernate/loader/Loader$SqlStatementWrapper
Event: 5.605 loading class org/hibernate/loader/Loader$SqlStatementWrapper done
Event: 5.606 loading class org/hibernate/engine/jdbc/internal/ResultSetReturnImpl
Event: 5.606 loading class org/hibernate/engine/jdbc/internal/ResultSetReturnImpl done
Event: 5.607 loading class com/mysql/cj/NativeSession
Event: 5.607 loading class com/mysql/cj/NativeSession done
Event: 5.664 loading class org/hibernate/engine/spi/EntityKey
Event: 5.664 loading class org/hibernate/engine/spi/EntityKey done


Dynamic libraries:
0x00007ff65d1e0000 - 0x00007ff65d217000 	F:\Computer\Java\jdk1.8.0_231\bin\javaw.exe
0x00007ffb5e600000 - 0x00007ffb5e7f0000 	C:\WINDOWS\SYSTEM32\ntdll.dll
0x00007ffb5d6b0000 - 0x00007ffb5d762000 	C:\WINDOWS\System32\KERNEL32.DLL
0x00007ffb5b590000 - 0x00007ffb5b833000 	C:\WINDOWS\System32\KERNELBASE.dll
0x00007ffb5e170000 - 0x00007ffb5e213000 	C:\WINDOWS\System32\ADVAPI32.dll
0x00007ffb5cbf0000 - 0x00007ffb5cc8e000 	C:\WINDOWS\System32\msvcrt.dll
0x00007ffb5d470000 - 0x00007ffb5d507000 	C:\WINDOWS\System32\sechost.dll
0x00007ffb5d910000 - 0x00007ffb5da30000 	C:\WINDOWS\System32\RPCRT4.dll
0x00007ffb5d510000 - 0x00007ffb5d6a4000 	C:\WINDOWS\System32\USER32.dll
0x00007ffb5c160000 - 0x00007ffb5c181000 	C:\WINDOWS\System32\win32u.dll
0x00007ffb5e140000 - 0x00007ffb5e166000 	C:\WINDOWS\System32\GDI32.dll
0x00007ffb5c4e0000 - 0x00007ffb5c674000 	C:\WINDOWS\System32\gdi32full.dll
0x00007ffb5b840000 - 0x00007ffb5b8de000 	C:\WINDOWS\System32\msvcp_win.dll
0x00007ffb5b8e0000 - 0x00007ffb5b9da000 	C:\WINDOWS\System32\ucrtbase.dll
0x00007ffb47ef0000 - 0x00007ffb48175000 	C:\WINDOWS\WinSxS\amd64_microsoft.windows.common-controls_6595b64144ccf1df_6.0.18362.476_none_e6c4b11b130f2595\COMCTL32.dll
0x00007ffb5c6b0000 - 0x00007ffb5c9e6000 	C:\WINDOWS\System32\combase.dll
0x00007ffb5c310000 - 0x00007ffb5c390000 	C:\WINDOWS\System32\bcryptPrimitives.dll
0x00007ffb5e530000 - 0x00007ffb5e55e000 	C:\WINDOWS\System32\IMM32.DLL
0x0000000076da0000 - 0x0000000076e72000 	F:\Computer\Java\jdk1.8.0_231\jre\bin\msvcr100.dll
0x00000000764f0000 - 0x0000000076d96000 	F:\Computer\Java\jdk1.8.0_231\jre\bin\server\jvm.dll
0x00007ffb5cbe0000 - 0x00007ffb5cbe8000 	C:\WINDOWS\System32\PSAPI.DLL
0x00007ffb4aa60000 - 0x00007ffb4aa69000 	C:\WINDOWS\SYSTEM32\WSOCK32.dll
0x00007ffb5d770000 - 0x00007ffb5d7df000 	C:\WINDOWS\System32\WS2_32.dll
0x00007ffb576e0000 - 0x00007ffb57704000 	C:\WINDOWS\SYSTEM32\WINMM.dll
0x00007ffb49f50000 - 0x00007ffb49f5a000 	C:\WINDOWS\SYSTEM32\VERSION.dll
0x00007ffb58c40000 - 0x00007ffb58c6d000 	C:\WINDOWS\SYSTEM32\WINMMBASE.dll
0x00007ffb5c210000 - 0x00007ffb5c25a000 	C:\WINDOWS\System32\cfgmgr32.dll
0x00007ffb454e0000 - 0x00007ffb454ef000 	F:\Computer\Java\jdk1.8.0_231\jre\bin\verify.dll
0x00007ffb35b30000 - 0x00007ffb35b59000 	F:\Computer\Java\jdk1.8.0_231\jre\bin\java.dll
0x00007ffb35b10000 - 0x00007ffb35b26000 	F:\Computer\Java\jdk1.8.0_231\jre\bin\zip.dll
0x00007ffb5da50000 - 0x00007ffb5e135000 	C:\WINDOWS\System32\SHELL32.dll
0x00007ffb5c9f0000 - 0x00007ffb5ca99000 	C:\WINDOWS\System32\shcore.dll
0x00007ffb5b9e0000 - 0x00007ffb5c15e000 	C:\WINDOWS\System32\windows.storage.dll
0x00007ffb5b570000 - 0x00007ffb5b58f000 	C:\WINDOWS\System32\profapi.dll
0x00007ffb5b500000 - 0x00007ffb5b54a000 	C:\WINDOWS\System32\powrprof.dll
0x00007ffb5b4d0000 - 0x00007ffb5b4e0000 	C:\WINDOWS\System32\UMPDC.dll
0x00007ffb5e560000 - 0x00007ffb5e5b2000 	C:\WINDOWS\System32\shlwapi.dll
0x00007ffb5b4e0000 - 0x00007ffb5b4f1000 	C:\WINDOWS\System32\kernel.appcore.dll
0x00007ffb5c190000 - 0x00007ffb5c1a7000 	C:\WINDOWS\System32\cryptsp.dll
0x00007ffb35af0000 - 0x00007ffb35b0a000 	F:\Computer\Java\jdk1.8.0_231\jre\bin\net.dll
0x00007ffb5ad40000 - 0x00007ffb5ada7000 	C:\WINDOWS\system32\mswsock.dll
0x00007ffb320e0000 - 0x00007ffb32104000 	F:\Computer\Java\jdk1.8.0_231\jre\bin\sunec.dll
0x00007ffb5aa50000 - 0x00007ffb5aa8a000 	C:\WINDOWS\SYSTEM32\IPHLPAPI.DLL
0x00007ffb5e4a0000 - 0x00007ffb5e4a8000 	C:\WINDOWS\System32\NSI.dll
0x00007ffb52050000 - 0x00007ffb52066000 	C:\WINDOWS\SYSTEM32\dhcpcsvc6.DLL
0x00007ffb52030000 - 0x00007ffb5204c000 	C:\WINDOWS\SYSTEM32\dhcpcsvc.DLL
0x00007ffb5aaa0000 - 0x00007ffb5ab6a000 	C:\WINDOWS\SYSTEM32\DNSAPI.dll
0x00007ffb32110000 - 0x00007ffb32122000 	F:\Computer\Java\jdk1.8.0_231\jre\bin\nio.dll
0x00007ffb5a8b0000 - 0x00007ffb5a8e3000 	C:\WINDOWS\system32\rsaenh.dll
0x00007ffb5c680000 - 0x00007ffb5c6a6000 	C:\WINDOWS\System32\bcrypt.dll
0x00007ffb5b3c0000 - 0x00007ffb5b3e5000 	C:\WINDOWS\SYSTEM32\USERENV.dll
0x00007ffb5af10000 - 0x00007ffb5af1c000 	C:\WINDOWS\SYSTEM32\CRYPTBASE.dll
0x00007ffb41320000 - 0x00007ffb4132b000 	F:\Computer\Java\jdk1.8.0_231\jre\bin\sunmscapi.dll
0x00007ffb5c390000 - 0x00007ffb5c4d9000 	C:\WINDOWS\System32\CRYPT32.dll
0x00007ffb5b550000 - 0x00007ffb5b562000 	C:\WINDOWS\System32\MSASN1.dll

VM Arguments:
jvm_args: -Dfile.encoding=GBK 
java_command: com.xiaoxiang.org.test.ShopGoodsTest
java_class_path (initial): E:\U盘坏了\学习资料\JavaEE\XiaoXiangPharmacy\WebRoot\WEB-INF\classes;E:\U盘坏了\学习资料\JavaEE\XiaoXiangPharmacy\WebRoot\WEB-INF\lib\mysql-connector-java-8.0.16.jar;F:\Computer\apache-tomcat-8.5.45\lib\annotations-api.jar;F:\Computer\apache-tomcat-8.5.45\lib\catalina-ant.jar;F:\Computer\apache-tomcat-8.5.45\lib\catalina-ha.jar;F:\Computer\apache-tomcat-8.5.45\lib\catalina-storeconfig.jar;F:\Computer\apache-tomcat-8.5.45\lib\catalina-tribes.jar;F:\Computer\apache-tomcat-8.5.45\lib\catalina.jar;F:\Computer\apache-tomcat-8.5.45\lib\cors-filter-2.4.jar;F:\Computer\apache-tomcat-8.5.45\lib\ecj-4.6.3.jar;F:\Computer\apache-tomcat-8.5.45\lib\el-api.jar;F:\Computer\apache-tomcat-8.5.45\lib\jasper-el.jar;F:\Computer\apache-tomcat-8.5.45\lib\jasper.jar;F:\Computer\apache-tomcat-8.5.45\lib\jaspic-api.jar;F:\Computer\apache-tomcat-8.5.45\lib\java-property-utils-1.9.1.jar;F:\Computer\apache-tomcat-8.5.45\lib\jsp-api.jar;F:\Computer\apache-tomcat-8.5.45\lib\servlet-api.jar;F:\Computer\apache-tomcat-8.5.45\lib\tomcat-api.jar;F:\Computer\apache-tomcat-8.5.45\lib\tomcat-coyote.jar;F:\Computer\apache-tomcat-8.5.45\lib\tomcat-dbcp.jar;F:\Computer\apache-tomcat-8.5.45\lib\tomcat-i18n-es.jar;F:\Computer\apache-tomcat-8.5.45\lib\tomcat-i18n-fr.jar;F:\Computer\apache-tomcat-8.5.45\lib\tomcat-i18n-ja.jar;F:\Computer\apache-tomcat-8.5.45\lib\tomcat-i18n-ru.jar;F:\Computer\apache-tomcat-8.5.45\lib\tomcat-jdbc.jar;F:\Computer\apache-tomcat-8.5.45\lib\tomcat-jni.jar;F:\Computer\apache-tomcat-8.5.45\lib\tomcat-util-scan.jar;F:\Computer\apache-tomcat-8.5.45\lib\tomcat-util.jar;F:\Computer\apache-tomcat-8.5.45\lib\tomcat-websocket.jar;F:\Computer\apache-tomcat-8.5.45\lib\websocket-api.jar;F:\Computer\MyEclipse 2017 CI\configuration\org.eclipse.osgi\72\0\.cp\data\2.1\core\antlr-2.7.2.jar;F:\Computer\MyEclipse 2017 CI\configuration\org.eclipse.osgi\72\0\.cp\data\2.1\core\aopalliance-1.0.jar;F:\Computer\MyEclipse 2017 CI\configuration\org.eclipse.osgi\72\0\.cp\data\2.1\
Launcher Type: SUN_STANDARD

Environment Variables:
PATH=C:\Program Files (x86)\Common Files\Oracle\Java\javapath;F:\app\leo\product\11.2.0\dbhome_1\bin;C:\Program Files (x86)\Intel\Intel(R) Management Engine Components\iCLS\;C:\Program Files\Intel\Intel(R) Management Engine Components\iCLS\;C:\WINDOWS\system32;C:\WINDOWS;C:\WINDOWS\System32\Wbem;C:\WINDOWS\System32\WindowsPowerShell\v1.0\;C:\WINDOWS\System32\OpenSSH\;C:\Program Files (x86)\Intel\Intel(R) Management Engine Components\DAL;C:\Program Files\Intel\Intel(R) Management Engine Components\DAL;C:\Program Files (x86)\Intel\Intel(R) Management Engine Components\IPT;C:\Program Files\Intel\Intel(R) Management Engine Components\IPT;F:\Computer\Nodejs\;F:\Computer\Git\cmd;F:\Computer\TortoiseGit\bin;C:\Program Files\MySQL\MySQL Shell 8.0\bin\;C:\Users\leo\AppData\Local\Programs\Python\Python37\Scripts\;C:\Users\leo\AppData\Local\Programs\Python\Python37\;C:\Users\leo\AppData\Local\Microsoft\WindowsApps;;F:\Computer\Microsoft VS Code\bin;C:\Users\leo\AppData\Roaming\npm
USERNAME=leo
OS=Windows_NT
PROCESSOR_IDENTIFIER=Intel64 Family 6 Model 142 Stepping 9, GenuineIntel



---------------  S Y S T E M  ---------------

OS: Windows 10.0 , 64 bit Build 18362 (10.0.18362.329)

CPU:total 4 (initial active 4) (2 cores per cpu, 2 threads per core) family 6 model 142 stepping 9, cmov, cx8, fxsr, mmx, sse, sse2, sse3, ssse3, sse4.1, sse4.2, popcnt, avx, avx2, aes, clmul, erms, 3dnowpref, lzcnt, ht, tsc, tscinvbit, bmi1, bmi2, adx

Memory: 4k page, physical 8271292k(483084k free), swap 22720676k(5128k free)

vm_info: Java HotSpot(TM) 64-Bit Server VM (25.231-b11) for windows-amd64 JRE (1.8.0_231-b11), built on Oct  5 2019 03:11:30 by "java_re" with MS VC++ 10.0 (VS2010)

time: Mon Dec 09 10:09:43 2019
timezone: 中国标准时间
elapsed time: 5 seconds (0d 0h 0m 5s)

